# JRE version: OpenJDK Runtime Environment (8.0_202-b03) (build 1.8.0_202-release-1483-b03)
# Java VM: OpenJDK 64-Bit Server VM (25.202-b03 mixed mode windows-amd64 compressed oops)
Heap:
 PSYoungGen      total 187392K, used 50478K [0x00000000e0000000, 0x00000000ee300000, 0x0000000100000000)
  eden space 168960K, 29% used [0x00000000e0000000,0x00000000e314b850,0x00000000ea500000)
  from space 18432K, 0% used [0x00000000ed100000,0x00000000ed100000,0x00000000ee300000)
  to   space 25600K, 0% used [0x00000000eb100000,0x00000000eb100000,0x00000000eca00000)
 ParOldGen       total 201728K, used 51120K [0x00000000a0000000, 0x00000000ac500000, 0x00000000e0000000)
  object space 201728K, 25% used [0x00000000a0000000,0x00000000a31ec0f0,0x00000000ac500000)
 Metaspace       used 92257K, capacity 96598K, committed 98984K, reserved 1134592K
  class space    used 11952K, capacity 12762K, committed 13352K, reserved 1048576K
GC Heap History (10 events):
Event: 1228.016 GC heap before
{Heap before GC invocations=20 (full 3):
 PSYoungGen      total 202752K, used 202715K [0x00000000e0000000, 0x00000000efa00000, 0x0000000100000000)
  eden space 192512K, 100% used [0x00000000e0000000,0x00000000ebc00000,0x00000000ebc00000)
  from space 10240K, 99% used [0x00000000ef000000,0x00000000ef9f6c10,0x00000000efa00000)
  to   space 19456K, 0% used [0x00000000ed400000,0x00000000ed400000,0x00000000ee700000)
 ParOldGen       total 130048K, used 41858K [0x00000000a0000000, 0x00000000a7f00000, 0x00000000e0000000)
  object space 130048K, 32% used [0x00000000a0000000,0x00000000a28e0b18,0x00000000a7f00000)
 Metaspace       used 81187K, capacity 85308K, committed 85400K, reserved 1124352K
  class space    used 10648K, capacity 11406K, committed 11432K, reserved 1048576K
Event: 1228.038 GC heap after
Heap after GC invocations=20 (full 3):
 PSYoungGen      total 201216K, used 14389K [0x00000000e0000000, 0x00000000ef080000, 0x0000000100000000)
  eden space 186368K, 0% used [0x00000000e0000000,0x00000000e0000000,0x00000000eb600000)
  from space 14848K, 96% used [0x00000000ed400000,0x00000000ee20d7f0,0x00000000ee280000)
  to   space 14336K, 0% used [0x00000000ee280000,0x00000000ee280000,0x00000000ef080000)
 ParOldGen       total 130048K, used 41866K [0x00000000a0000000, 0x00000000a7f00000, 0x00000000e0000000)
  object space 130048K, 32% used [0x00000000a0000000,0x00000000a28e2b18,0x00000000a7f00000)
 Metaspace       used 81187K, capacity 85308K, committed 85400K, reserved 1124352K
  class space    used 10648K, capacity 11406K, committed 11432K, reserved 1048576K
}
Event: 1522.350 GC heap before
{Heap before GC invocations=21 (full 3):
 PSYoungGen      total 201216K, used 200757K [0x00000000e0000000, 0x00000000ef080000, 0x0000000100000000)
  eden space 186368K, 100% used [0x00000000e0000000,0x00000000eb600000,0x00000000eb600000)
  from space 14848K, 96% used [0x00000000ed400000,0x00000000ee20d7f0,0x00000000ee280000)
  to   space 14336K, 0% used [0x00000000ee280000,0x00000000ee280000,0x00000000ef080000)
 ParOldGen       total 130048K, used 41866K [0x00000000a0000000, 0x00000000a7f00000, 0x00000000e0000000)
  object space 130048K, 32% used [0x00000000a0000000,0x00000000a28e2b18,0x00000000a7f00000)
 Metaspace       used 83176K, capacity 87500K, committed 87704K, reserved 1126400K
  class space    used 10830K, capacity 11602K, committed 11688K, reserved 1048576K
Event: 1522.369 GC heap after
Heap after GC invocations=21 (full 3):
 PSYoungGen      total 194560K, used 14311K [0x00000000e0000000, 0x00000000ef080000, 0x0000000100000000)
  eden space 180224K, 0% used [0x00000000e0000000,0x00000000e0000000,0x00000000eb000000)
  from space 14336K, 99% used [0x00000000ee280000,0x00000000ef079d08,0x00000000ef080000)
  to   space 24064K, 0% used [0x00000000ec180000,0x00000000ec180000,0x00000000ed900000)
 ParOldGen       total 130048K, used 50365K [0x00000000a0000000, 0x00000000a7f00000, 0x00000000e0000000)
  object space 130048K, 38% used [0x00000000a0000000,0x00000000a312f588,0x00000000a7f00000)
 Metaspace       used 83176K, capacity 87500K, committed 87704K, reserved 1126400K
  class space    used 10830K, capacity 11602K, committed 11688K, reserved 1048576K
}
Event: 1526.698 GC heap before
{Heap before GC invocations=22 (full 3):
 PSYoungGen      total 194560K, used 194535K [0x00000000e0000000, 0x00000000ef080000, 0x0000000100000000)
  eden space 180224K, 100% used [0x00000000e0000000,0x00000000eb000000,0x00000000eb000000)
  from space 14336K, 99% used [0x00000000ee280000,0x00000000ef079d08,0x00000000ef080000)
  to   space 24064K, 0% used [0x00000000ec180000,0x00000000ec180000,0x00000000ed900000)
 ParOldGen       total 130048K, used 50365K [0x00000000a0000000, 0x00000000a7f00000, 0x00000000e0000000)
  object space 130048K, 38% used [0x00000000a0000000,0x00000000a312f588,0x00000000a7f00000)
 Metaspace       used 85188K, capacity 89626K, committed 89880K, reserved 1128448K
  class space    used 11010K, capacity 11803K, committed 11816K, reserved 1048576K
Event: 1526.721 GC heap after
Heap after GC invocations=22 (full 3):
 PSYoungGen      total 190464K, used 15825K [0x00000000e0000000, 0x00000000ee300000, 0x0000000100000000)
  eden space 174592K, 0% used [0x00000000e0000000,0x00000000e0000000,0x00000000eaa80000)
  from space 15872K, 99% used [0x00000000ec180000,0x00000000ed0f4778,0x00000000ed100000)
  to   space 18432K, 0% used [0x00000000ed100000,0x00000000ed100000,0x00000000ee300000)
 ParOldGen       total 130048K, used 54884K [0x00000000a0000000, 0x00000000a7f00000, 0x00000000e0000000)
  object space 130048K, 42% used [0x00000000a0000000,0x00000000a35991a8,0x00000000a7f00000)
 Metaspace       used 85188K, capacity 89626K, committed 89880K, reserved 1128448K
  class space    used 11010K, capacity 11803K, committed 11816K, reserved 1048576K
}
Event: 1527.767 GC heap before
{Heap before GC invocations=23 (full 3):
 PSYoungGen      total 190464K, used 184706K [0x00000000e0000000, 0x00000000ee300000, 0x0000000100000000)
  eden space 174592K, 96% used [0x00000000e0000000,0x00000000ea4ec280,0x00000000eaa80000)
  from space 15872K, 99% used [0x00000000ec180000,0x00000000ed0f4778,0x00000000ed100000)
  to   space 18432K, 0% used [0x00000000ed100000,0x00000000ed100000,0x00000000ee300000)
 ParOldGen       total 130048K, used 54884K [0x00000000a0000000, 0x00000000a7f00000, 0x00000000e0000000)
  object space 130048K, 42% used [0x00000000a0000000,0x00000000a35991a8,0x00000000a7f00000)
 Metaspace       used 92809K, capacity 98544K, committed 98600K, reserved 1134592K
  class space    used 12179K, capacity 13174K, committed 13224K, reserved 1048576K
Event: 1527.780 GC heap after
Heap after GC invocations=23 (full 3):
 PSYoungGen      total 187392K, used 18418K [0x00000000e0000000, 0x00000000ee300000, 0x0000000100000000)
  eden space 168960K, 0% used [0x00000000e0000000,0x00000000e0000000,0x00000000ea500000)
  from space 18432K, 99% used [0x00000000ed100000,0x00000000ee2fca18,0x00000000ee300000)
  to   space 25600K, 0% used [0x00000000eb100000,0x00000000eb100000,0x00000000eca00000)
 ParOldGen       total 130048K, used 55162K [0x00000000a0000000, 0x00000000a7f00000, 0x00000000e0000000)
  object space 130048K, 42% used [0x00000000a0000000,0x00000000a35deb00,0x00000000a7f00000)
 Metaspace       used 92809K, capacity 98544K, committed 98600K, reserved 1134592K
  class space    used 12179K, capacity 13174K, committed 13224K, reserved 1048576K
}
Event: 1527.780 GC heap before
{Heap before GC invocations=24 (full 4):
 PSYoungGen      total 187392K, used 18418K [0x00000000e0000000, 0x00000000ee300000, 0x0000000100000000)
  eden space 168960K, 0% used [0x00000000e0000000,0x00000000e0000000,0x00000000ea500000)
  from space 18432K, 99% used [0x00000000ed100000,0x00000000ee2fca18,0x00000000ee300000)
  to   space 25600K, 0% used [0x00000000eb100000,0x00000000eb100000,0x00000000eca00000)
 ParOldGen       total 130048K, used 55162K [0x00000000a0000000, 0x00000000a7f00000, 0x00000000e0000000)
  object space 130048K, 42% used [0x00000000a0000000,0x00000000a35deb00,0x00000000a7f00000)
 Metaspace       used 92809K, capacity 98544K, committed 98600K, reserved 1134592K
  class space    used 12179K, capacity 13174K, committed 13224K, reserved 1048576K
Event: 1527.943 GC heap after
Heap after GC invocations=24 (full 4):
 PSYoungGen      total 187392K, used 0K [0x00000000e0000000, 0x00000000ee300000, 0x0000000100000000)
  eden space 168960K, 0% used [0x00000000e0000000,0x00000000e0000000,0x00000000ea500000)
  from space 18432K, 0% used [0x00000000ed100000,0x00000000ed100000,0x00000000ee300000)
  to   space 25600K, 0% used [0x00000000eb100000,0x00000000eb100000,0x00000000eca00000)
 ParOldGen       total 201728K, used 51120K [0x00000000a0000000, 0x00000000ac500000, 0x00000000e0000000)
  object space 201728K, 25% used [0x00000000a0000000,0x00000000a31ec0f0,0x00000000ac500000)
 Metaspace       used 91806K, capacity 96076K, committed 98600K, reserved 1134592K
  class space    used 11889K, capacity 12679K, committed 13224K, reserved 1048576K
}

