# JRE version: OpenJDK Runtime Environment (8.0_202-b03) (build 1.8.0_202-release-1483-b03)
# Java VM: OpenJDK 64-Bit Server VM (25.202-b03 mixed mode windows-amd64 compressed oops)
Heap:
 PSYoungGen      total 312320K, used 287708K [0x00000000e0000000, 0x00000000f4f00000, 0x0000000100000000)
  eden space 289280K, 91% used [0x00000000e0000000,0x00000000f027e0b8,0x00000000f1a80000)
  from space 23040K, 99% used [0x00000000f3880000,0x00000000f4ef9218,0x00000000f4f00000)
  to   space 26624K, 0% used [0x00000000f1b00000,0x00000000f1b00000,0x00000000f3500000)
 ParOldGen       total 121856K, used 32138K [0x00000000a0000000, 0x00000000a7700000, 0x00000000e0000000)
  object space 121856K, 26% used [0x00000000a0000000,0x00000000a1f628f8,0x00000000a7700000)
 Metaspace       used 85147K, capacity 89216K, committed 89432K, reserved 1126400K
  class space    used 11343K, capacity 12160K, committed 12160K, reserved 1048576K
GC Heap History (10 events):
Event: 9.426 GC heap before
{Heap before GC invocations=11 (full 2):
 PSYoungGen      total 200704K, used 186880K [0x00000000e0000000, 0x00000000ef900000, 0x0000000100000000)
  eden space 186880K, 100% used [0x00000000e0000000,0x00000000eb680000,0x00000000eb680000)
  from space 13824K, 0% used [0x00000000ec380000,0x00000000ec380000,0x00000000ed100000)
  to   space 13312K, 0% used [0x00000000eb680000,0x00000000eb680000,0x00000000ec380000)
 ParOldGen       total 81408K, used 14814K [0x00000000a0000000, 0x00000000a4f80000, 0x00000000e0000000)
  object space 81408K, 18% used [0x00000000a0000000,0x00000000a0e779e0,0x00000000a4f80000)
 Metaspace       used 51808K, capacity 53080K, committed 53208K, reserved 1095680K
  class space    used 7034K, capacity 7395K, committed 7424K, reserved 1048576K
Event: 9.448 GC heap after
Heap after GC invocations=11 (full 2):
 PSYoungGen      total 200192K, used 13299K [0x00000000e0000000, 0x00000000f1800000, 0x0000000100000000)
  eden space 186880K, 0% used [0x00000000e0000000,0x00000000e0000000,0x00000000eb680000)
  from space 13312K, 99% used [0x00000000eb680000,0x00000000ec37cec0,0x00000000ec380000)
  to   space 18944K, 0% used [0x00000000f0580000,0x00000000f0580000,0x00000000f1800000)
 ParOldGen       total 81408K, used 24925K [0x00000000a0000000, 0x00000000a4f80000, 0x00000000e0000000)
  object space 81408K, 30% used [0x00000000a0000000,0x00000000a1857470,0x00000000a4f80000)
 Metaspace       used 51808K, capacity 53080K, committed 53208K, reserved 1095680K
  class space    used 7034K, capacity 7395K, committed 7424K, reserved 1048576K
}
Event: 10.431 GC heap before
{Heap before GC invocations=12 (full 2):
 PSYoungGen      total 200192K, used 81868K [0x00000000e0000000, 0x00000000f1800000, 0x0000000100000000)
  eden space 186880K, 36% used [0x00000000e0000000,0x00000000e42f64a8,0x00000000eb680000)
  from space 13312K, 99% used [0x00000000eb680000,0x00000000ec37cec0,0x00000000ec380000)
  to   space 18944K, 0% used [0x00000000f0580000,0x00000000f0580000,0x00000000f1800000)
 ParOldGen       total 81408K, used 24925K [0x00000000a0000000, 0x00000000a4f80000, 0x00000000e0000000)
  object space 81408K, 30% used [0x00000000a0000000,0x00000000a1857470,0x00000000a4f80000)
 Metaspace       used 56968K, capacity 58988K, committed 59028K, reserved 1099776K
  class space    used 7811K, capacity 8281K, committed 8320K, reserved 1048576K
Event: 10.446 GC heap after
Heap after GC invocations=12 (full 2):
 PSYoungGen      total 265216K, used 16534K [0x00000000e0000000, 0x00000000f1880000, 0x0000000100000000)
  eden space 246272K, 0% used [0x00000000e0000000,0x00000000e0000000,0x00000000ef080000)
  from space 18944K, 87% used [0x00000000f0580000,0x00000000f15a5830,0x00000000f1800000)
  to   space 20480K, 0% used [0x00000000ef080000,0x00000000ef080000,0x00000000f0480000)
 ParOldGen       total 81408K, used 24997K [0x00000000a0000000, 0x00000000a4f80000, 0x00000000e0000000)
  object space 81408K, 30% used [0x00000000a0000000,0x00000000a1869480,0x00000000a4f80000)
 Metaspace       used 56968K, capacity 58988K, committed 59028K, reserved 1099776K
  class space    used 7811K, capacity 8281K, committed 8320K, reserved 1048576K
}
Event: 10.446 GC heap before
{Heap before GC invocations=13 (full 3):
 PSYoungGen      total 265216K, used 16534K [0x00000000e0000000, 0x00000000f1880000, 0x0000000100000000)
  eden space 246272K, 0% used [0x00000000e0000000,0x00000000e0000000,0x00000000ef080000)
  from space 18944K, 87% used [0x00000000f0580000,0x00000000f15a5830,0x00000000f1800000)
  to   space 20480K, 0% used [0x00000000ef080000,0x00000000ef080000,0x00000000f0480000)
 ParOldGen       total 81408K, used 24997K [0x00000000a0000000, 0x00000000a4f80000, 0x00000000e0000000)
  object space 81408K, 30% used [0x00000000a0000000,0x00000000a1869480,0x00000000a4f80000)
 Metaspace       used 56968K, capacity 58988K, committed 59028K, reserved 1099776K
  class space    used 7811K, capacity 8281K, committed 8320K, reserved 1048576K
Event: 10.659 GC heap after
Heap after GC invocations=13 (full 3):
 PSYoungGen      total 265216K, used 0K [0x00000000e0000000, 0x00000000f1880000, 0x0000000100000000)
  eden space 246272K, 0% used [0x00000000e0000000,0x00000000e0000000,0x00000000ef080000)
  from space 18944K, 0% used [0x00000000f0580000,0x00000000f0580000,0x00000000f1800000)
  to   space 20480K, 0% used [0x00000000ef080000,0x00000000ef080000,0x00000000f0480000)
 ParOldGen       total 121856K, used 30420K [0x00000000a0000000, 0x00000000a7700000, 0x00000000e0000000)
  object space 121856K, 24% used [0x00000000a0000000,0x00000000a1db5260,0x00000000a7700000)
 Metaspace       used 56762K, capacity 58390K, committed 59028K, reserved 1099776K
  class space    used 7748K, capacity 8168K, committed 8320K, reserved 1048576K
}
Event: 752.960 GC heap before
{Heap before GC invocations=14 (full 3):
 PSYoungGen      total 265216K, used 246272K [0x00000000e0000000, 0x00000000f1880000, 0x0000000100000000)
  eden space 246272K, 100% used [0x00000000e0000000,0x00000000ef080000,0x00000000ef080000)
  from space 18944K, 0% used [0x00000000f0580000,0x00000000f0580000,0x00000000f1800000)
  to   space 20480K, 0% used [0x00000000ef080000,0x00000000ef080000,0x00000000f0480000)
 ParOldGen       total 121856K, used 30420K [0x00000000a0000000, 0x00000000a7700000, 0x00000000e0000000)
  object space 121856K, 24% used [0x00000000a0000000,0x00000000a1db5260,0x00000000a7700000)
 Metaspace       used 64903K, capacity 67078K, committed 67160K, reserved 1107968K
  class space    used 8537K, capacity 9069K, committed 9088K, reserved 1048576K
Event: 752.979 GC heap after
Heap after GC invocations=14 (full 3):
 PSYoungGen      total 266752K, used 18745K [0x00000000e0000000, 0x00000000f4f00000, 0x0000000100000000)
  eden space 246272K, 0% used [0x00000000e0000000,0x00000000e0000000,0x00000000ef080000)
  from space 20480K, 91% used [0x00000000ef080000,0x00000000f02ce420,0x00000000f0480000)
  to   space 23040K, 0% used [0x00000000f3880000,0x00000000f3880000,0x00000000f4f00000)
 ParOldGen       total 121856K, used 30428K [0x00000000a0000000, 0x00000000a7700000, 0x00000000e0000000)
  object space 121856K, 24% used [0x00000000a0000000,0x00000000a1db7260,0x00000000a7700000)
 Metaspace       used 64903K, capacity 67078K, committed 67160K, reserved 1107968K
  class space    used 8537K, capacity 9069K, committed 9088K, reserved 1048576K
}
Event: 762.700 GC heap before
{Heap before GC invocations=15 (full 3):
 PSYoungGen      total 266752K, used 265017K [0x00000000e0000000, 0x00000000f4f00000, 0x0000000100000000)
  eden space 246272K, 100% used [0x00000000e0000000,0x00000000ef080000,0x00000000ef080000)
  from space 20480K, 91% used [0x00000000ef080000,0x00000000f02ce420,0x00000000f0480000)
  to   space 23040K, 0% used [0x00000000f3880000,0x00000000f3880000,0x00000000f4f00000)
 ParOldGen       total 121856K, used 30428K [0x00000000a0000000, 0x00000000a7700000, 0x00000000e0000000)
  object space 121856K, 24% used [0x00000000a0000000,0x00000000a1db7260,0x00000000a7700000)
 Metaspace       used 74861K, capacity 77428K, committed 77656K, reserved 1116160K
  class space    used 9716K, capacity 10294K, committed 10368K, reserved 1048576K
Event: 762.723 GC heap after
Heap after GC invocations=15 (full 3):
 PSYoungGen      total 312320K, used 23012K [0x00000000e0000000, 0x00000000f4f00000, 0x0000000100000000)
  eden space 289280K, 0% used [0x00000000e0000000,0x00000000e0000000,0x00000000f1a80000)
  from space 23040K, 99% used [0x00000000f3880000,0x00000000f4ef9218,0x00000000f4f00000)
  to   space 26624K, 0% used [0x00000000f1b00000,0x00000000f1b00000,0x00000000f3500000)
 ParOldGen       total 121856K, used 32138K [0x00000000a0000000, 0x00000000a7700000, 0x00000000e0000000)
  object space 121856K, 26% used [0x00000000a0000000,0x00000000a1f628f8,0x00000000a7700000)
 Metaspace       used 74861K, capacity 77428K, committed 77656K, reserved 1116160K
  class space    used 9716K, capacity 10294K, committed 10368K, reserved 1048576K
}

