# JRE version: OpenJDK Runtime Environment (8.0_202-b03) (build 1.8.0_202-release-1483-b03)
# Java VM: OpenJDK 64-Bit Server VM (25.202-b03 mixed mode windows-amd64 compressed oops)
Heap:
 PSYoungGen      total 248320K, used 57277K [0x00000000e0000000, 0x00000000f3a80000, 0x0000000100000000)
  eden space 212480K, 19% used [0x00000000e0000000,0x00000000e28426c0,0x00000000ecf80000)
  from space 35840K, 44% used [0x00000000ecf80000,0x00000000edf2ce30,0x00000000ef280000)
  to   space 33792K, 0% used [0x00000000f1980000,0x00000000f1980000,0x00000000f3a80000)
 ParOldGen       total 134144K, used 51593K [0x00000000a0000000, 0x00000000a8300000, 0x00000000e0000000)
  object space 134144K, 38% used [0x00000000a0000000,0x00000000a3262568,0x00000000a8300000)
 Metaspace       used 93476K, capacity 97190K, committed 99800K, reserved 1136640K
  class space    used 12051K, capacity 12770K, committed 13312K, reserved 1048576K
GC Heap History (10 events):
Event: 2669.959 GC heap before
{Heap before GC invocations=21 (full 3):
 PSYoungGen      total 214528K, used 214081K [0x00000000e0000000, 0x00000000efb00000, 0x0000000100000000)
  eden space 199680K, 100% used [0x00000000e0000000,0x00000000ec300000,0x00000000ec300000)
  from space 14848K, 96% used [0x00000000ec980000,0x00000000ed790590,0x00000000ed800000)
  to   space 28672K, 0% used [0x00000000edf00000,0x00000000edf00000,0x00000000efb00000)
 ParOldGen       total 134144K, used 40947K [0x00000000a0000000, 0x00000000a8300000, 0x00000000e0000000)
  object space 134144K, 30% used [0x00000000a0000000,0x00000000a27fcd20,0x00000000a8300000)
 Metaspace       used 84202K, capacity 87840K, committed 88024K, reserved 1126400K
  class space    used 10745K, capacity 11452K, committed 11520K, reserved 1048576K
Event: 2669.978 GC heap after
Heap after GC invocations=21 (full 3):
 PSYoungGen      total 227328K, used 19531K [0x00000000e0000000, 0x00000000f0e00000, 0x0000000100000000)
  eden space 198656K, 0% used [0x00000000e0000000,0x00000000e0000000,0x00000000ec200000)
  from space 28672K, 68% used [0x00000000edf00000,0x00000000ef212d10,0x00000000efb00000)
  to   space 29696K, 0% used [0x00000000ec200000,0x00000000ec200000,0x00000000edf00000)
 ParOldGen       total 134144K, used 40963K [0x00000000a0000000, 0x00000000a8300000, 0x00000000e0000000)
  object space 134144K, 30% used [0x00000000a0000000,0x00000000a2800d20,0x00000000a8300000)
 Metaspace       used 84202K, capacity 87840K, committed 88024K, reserved 1126400K
  class space    used 10745K, capacity 11452K, committed 11520K, reserved 1048576K
}
Event: 2671.258 GC heap before
{Heap before GC invocations=22 (full 3):
 PSYoungGen      total 227328K, used 218187K [0x00000000e0000000, 0x00000000f0e00000, 0x0000000100000000)
  eden space 198656K, 100% used [0x00000000e0000000,0x00000000ec200000,0x00000000ec200000)
  from space 28672K, 68% used [0x00000000edf00000,0x00000000ef212d10,0x00000000efb00000)
  to   space 29696K, 0% used [0x00000000ec200000,0x00000000ec200000,0x00000000edf00000)
 ParOldGen       total 134144K, used 40963K [0x00000000a0000000, 0x00000000a8300000, 0x00000000e0000000)
  object space 134144K, 30% used [0x00000000a0000000,0x00000000a2800d20,0x00000000a8300000)
 Metaspace       used 92418K, capacity 97762K, committed 98008K, reserved 1134592K
  class space    used 12022K, capacity 12993K, committed 13056K, reserved 1048576K
Event: 2671.274 GC heap after
Heap after GC invocations=22 (full 3):
 PSYoungGen      total 228352K, used 23192K [0x00000000e0000000, 0x00000000f1100000, 0x0000000100000000)
  eden space 198656K, 0% used [0x00000000e0000000,0x00000000e0000000,0x00000000ec200000)
  from space 29696K, 78% used [0x00000000ec200000,0x00000000ed8a6378,0x00000000edf00000)
  to   space 31232K, 0% used [0x00000000ef280000,0x00000000ef280000,0x00000000f1100000)
 ParOldGen       total 134144K, used 40979K [0x00000000a0000000, 0x00000000a8300000, 0x00000000e0000000)
  object space 134144K, 30% used [0x00000000a0000000,0x00000000a2804d20,0x00000000a8300000)
 Metaspace       used 92418K, capacity 97762K, committed 98008K, reserved 1134592K
  class space    used 12022K, capacity 12993K, committed 13056K, reserved 1048576K
}
Event: 2671.495 GC heap before
{Heap before GC invocations=23 (full 3):
 PSYoungGen      total 228352K, used 70976K [0x00000000e0000000, 0x00000000f1100000, 0x0000000100000000)
  eden space 198656K, 24% used [0x00000000e0000000,0x00000000e2ea9f68,0x00000000ec200000)
  from space 29696K, 78% used [0x00000000ec200000,0x00000000ed8a6378,0x00000000edf00000)
  to   space 31232K, 0% used [0x00000000ef280000,0x00000000ef280000,0x00000000f1100000)
 ParOldGen       total 134144K, used 40979K [0x00000000a0000000, 0x00000000a8300000, 0x00000000e0000000)
  object space 134144K, 30% used [0x00000000a0000000,0x00000000a2804d20,0x00000000a8300000)
 Metaspace       used 92910K, capacity 98270K, committed 98280K, reserved 1134592K
  class space    used 12086K, capacity 13047K, committed 13056K, reserved 1048576K
Event: 2671.519 GC heap after
Heap after GC invocations=23 (full 3):
 PSYoungGen      total 243712K, used 30525K [0x00000000e0000000, 0x00000000f2d00000, 0x0000000100000000)
  eden space 212480K, 0% used [0x00000000e0000000,0x00000000e0000000,0x00000000ecf80000)
  from space 31232K, 97% used [0x00000000ef280000,0x00000000f104f790,0x00000000f1100000)
  to   space 35840K, 0% used [0x00000000ecf80000,0x00000000ecf80000,0x00000000ef280000)
 ParOldGen       total 134144K, used 40987K [0x00000000a0000000, 0x00000000a8300000, 0x00000000e0000000)
  object space 134144K, 30% used [0x00000000a0000000,0x00000000a2806d20,0x00000000a8300000)
 Metaspace       used 92910K, capacity 98270K, committed 98280K, reserved 1134592K
  class space    used 12086K, capacity 13047K, committed 13056K, reserved 1048576K
}
Event: 2671.519 GC heap before
{Heap before GC invocations=24 (full 4):
 PSYoungGen      total 243712K, used 30525K [0x00000000e0000000, 0x00000000f2d00000, 0x0000000100000000)
  eden space 212480K, 0% used [0x00000000e0000000,0x00000000e0000000,0x00000000ecf80000)
  from space 31232K, 97% used [0x00000000ef280000,0x00000000f104f790,0x00000000f1100000)
  to   space 35840K, 0% used [0x00000000ecf80000,0x00000000ecf80000,0x00000000ef280000)
 ParOldGen       total 134144K, used 40987K [0x00000000a0000000, 0x00000000a8300000, 0x00000000e0000000)
  object space 134144K, 30% used [0x00000000a0000000,0x00000000a2806d20,0x00000000a8300000)
 Metaspace       used 92910K, capacity 98270K, committed 98280K, reserved 1134592K
  class space    used 12086K, capacity 13047K, committed 13056K, reserved 1048576K
Event: 2671.730 GC heap after
Heap after GC invocations=24 (full 4):
 PSYoungGen      total 243712K, used 0K [0x00000000e0000000, 0x00000000f2d00000, 0x0000000100000000)
  eden space 212480K, 0% used [0x00000000e0000000,0x00000000e0000000,0x00000000ecf80000)
  from space 31232K, 0% used [0x00000000ef280000,0x00000000ef280000,0x00000000f1100000)
  to   space 35840K, 0% used [0x00000000ecf80000,0x00000000ecf80000,0x00000000ef280000)
 ParOldGen       total 134144K, used 51585K [0x00000000a0000000, 0x00000000a8300000, 0x00000000e0000000)
  object space 134144K, 38% used [0x00000000a0000000,0x00000000a3260568,0x00000000a8300000)
 Metaspace       used 91091K, capacity 94546K, committed 98280K, reserved 1134592K
  class space    used 11679K, capacity 12356K, committed 13056K, reserved 1048576K
}
Event: 2673.075 GC heap before
{Heap before GC invocations=25 (full 4):
 PSYoungGen      total 243712K, used 212129K [0x00000000e0000000, 0x00000000f2d00000, 0x0000000100000000)
  eden space 212480K, 99% used [0x00000000e0000000,0x00000000ecf28468,0x00000000ecf80000)
  from space 31232K, 0% used [0x00000000ef280000,0x00000000ef280000,0x00000000f1100000)
  to   space 35840K, 0% used [0x00000000ecf80000,0x00000000ecf80000,0x00000000ef280000)
 ParOldGen       total 134144K, used 51585K [0x00000000a0000000, 0x00000000a8300000, 0x00000000e0000000)
  object space 134144K, 38% used [0x00000000a0000000,0x00000000a3260568,0x00000000a8300000)
 Metaspace       used 92736K, capacity 96354K, committed 98920K, reserved 1134592K
  class space    used 11922K, capacity 12616K, committed 13184K, reserved 1048576K
Event: 2673.087 GC heap after
Heap after GC invocations=25 (full 4):
 PSYoungGen      total 248320K, used 16051K [0x00000000e0000000, 0x00000000f3a80000, 0x0000000100000000)
  eden space 212480K, 0% used [0x00000000e0000000,0x00000000e0000000,0x00000000ecf80000)
  from space 35840K, 44% used [0x00000000ecf80000,0x00000000edf2ce30,0x00000000ef280000)
  to   space 33792K, 0% used [0x00000000f1980000,0x00000000f1980000,0x00000000f3a80000)
 ParOldGen       total 134144K, used 51593K [0x00000000a0000000, 0x00000000a8300000, 0x00000000e0000000)
  object space 134144K, 38% used [0x00000000a0000000,0x00000000a3262568,0x00000000a8300000)
 Metaspace       used 92736K, capacity 96354K, committed 98920K, reserved 1134592K
  class space    used 11922K, capacity 12616K, committed 13184K, reserved 1048576K
}

